ARM GAS  C:\Users\Lenovo\AppData\Local\Temp\cc9BpNjP.s 			page 1


   1              		.cpu cortex-m3
   2              		.arch armv7-m
   3              		.fpu softvfp
   4              		.eabi_attribute 20, 1
   5              		.eabi_attribute 21, 1
   6              		.eabi_attribute 23, 3
   7              		.eabi_attribute 24, 1
   8              		.eabi_attribute 25, 1
   9              		.eabi_attribute 26, 1
  10              		.eabi_attribute 30, 1
  11              		.eabi_attribute 34, 1
  12              		.eabi_attribute 18, 4
  13              		.file	"stm32f1xx_it.c"
  14              		.text
  15              	.Ltext0:
  16              		.cfi_sections	.debug_frame
  17              		.file 1 "Core/Src/stm32f1xx_it.c"
  18              		.section	.text.NMI_Handler,"ax",%progbits
  19              		.align	1
  20              		.global	NMI_Handler
  21              		.syntax unified
  22              		.thumb
  23              		.thumb_func
  25              	NMI_Handler:
  26              	.LFB65:
   1:Core/Src/stm32f1xx_it.c **** /* USER CODE BEGIN Header */
   2:Core/Src/stm32f1xx_it.c **** /**
   3:Core/Src/stm32f1xx_it.c ****   ******************************************************************************
   4:Core/Src/stm32f1xx_it.c ****   * @file    stm32f1xx_it.c
   5:Core/Src/stm32f1xx_it.c ****   * @brief   Interrupt Service Routines.
   6:Core/Src/stm32f1xx_it.c ****   ******************************************************************************
   7:Core/Src/stm32f1xx_it.c ****   * @attention
   8:Core/Src/stm32f1xx_it.c ****   *
   9:Core/Src/stm32f1xx_it.c ****   * Copyright (c) 2025 STMicroelectronics.
  10:Core/Src/stm32f1xx_it.c ****   * All rights reserved.
  11:Core/Src/stm32f1xx_it.c ****   *
  12:Core/Src/stm32f1xx_it.c ****   * This software is licensed under terms that can be found in the LICENSE file
  13:Core/Src/stm32f1xx_it.c ****   * in the root directory of this software component.
  14:Core/Src/stm32f1xx_it.c ****   * If no LICENSE file comes with this software, it is provided AS-IS.
  15:Core/Src/stm32f1xx_it.c ****   *
  16:Core/Src/stm32f1xx_it.c ****   ******************************************************************************
  17:Core/Src/stm32f1xx_it.c ****   */
  18:Core/Src/stm32f1xx_it.c **** /* USER CODE END Header */
  19:Core/Src/stm32f1xx_it.c **** 
  20:Core/Src/stm32f1xx_it.c **** /* Includes ------------------------------------------------------------------*/
  21:Core/Src/stm32f1xx_it.c **** #include "main.h"
  22:Core/Src/stm32f1xx_it.c **** #include "stm32f1xx_it.h"
  23:Core/Src/stm32f1xx_it.c **** /* Private includes ----------------------------------------------------------*/
  24:Core/Src/stm32f1xx_it.c **** /* USER CODE BEGIN Includes */
  25:Core/Src/stm32f1xx_it.c **** /* USER CODE END Includes */
  26:Core/Src/stm32f1xx_it.c **** 
  27:Core/Src/stm32f1xx_it.c **** /* Private typedef -----------------------------------------------------------*/
  28:Core/Src/stm32f1xx_it.c **** /* USER CODE BEGIN TD */
  29:Core/Src/stm32f1xx_it.c **** 
  30:Core/Src/stm32f1xx_it.c **** /* USER CODE END TD */
  31:Core/Src/stm32f1xx_it.c **** 
  32:Core/Src/stm32f1xx_it.c **** /* Private define ------------------------------------------------------------*/
ARM GAS  C:\Users\Lenovo\AppData\Local\Temp\cc9BpNjP.s 			page 2


  33:Core/Src/stm32f1xx_it.c **** /* USER CODE BEGIN PD */
  34:Core/Src/stm32f1xx_it.c **** 
  35:Core/Src/stm32f1xx_it.c **** /* USER CODE END PD */
  36:Core/Src/stm32f1xx_it.c **** 
  37:Core/Src/stm32f1xx_it.c **** /* Private macro -------------------------------------------------------------*/
  38:Core/Src/stm32f1xx_it.c **** /* USER CODE BEGIN PM */
  39:Core/Src/stm32f1xx_it.c **** 
  40:Core/Src/stm32f1xx_it.c **** /* USER CODE END PM */
  41:Core/Src/stm32f1xx_it.c **** 
  42:Core/Src/stm32f1xx_it.c **** /* Private variables ---------------------------------------------------------*/
  43:Core/Src/stm32f1xx_it.c **** /* USER CODE BEGIN PV */
  44:Core/Src/stm32f1xx_it.c **** 
  45:Core/Src/stm32f1xx_it.c **** /* USER CODE END PV */
  46:Core/Src/stm32f1xx_it.c **** 
  47:Core/Src/stm32f1xx_it.c **** /* Private function prototypes -----------------------------------------------*/
  48:Core/Src/stm32f1xx_it.c **** /* USER CODE BEGIN PFP */
  49:Core/Src/stm32f1xx_it.c **** 
  50:Core/Src/stm32f1xx_it.c **** /* USER CODE END PFP */
  51:Core/Src/stm32f1xx_it.c **** 
  52:Core/Src/stm32f1xx_it.c **** /* Private user code ---------------------------------------------------------*/
  53:Core/Src/stm32f1xx_it.c **** /* USER CODE BEGIN 0 */
  54:Core/Src/stm32f1xx_it.c **** 
  55:Core/Src/stm32f1xx_it.c **** /* USER CODE END 0 */
  56:Core/Src/stm32f1xx_it.c **** 
  57:Core/Src/stm32f1xx_it.c **** /* External variables --------------------------------------------------------*/
  58:Core/Src/stm32f1xx_it.c **** extern ADC_HandleTypeDef hadc1;
  59:Core/Src/stm32f1xx_it.c **** extern CAN_HandleTypeDef hcan;
  60:Core/Src/stm32f1xx_it.c **** extern TIM_HandleTypeDef htim1;
  61:Core/Src/stm32f1xx_it.c **** extern TIM_HandleTypeDef htim3;
  62:Core/Src/stm32f1xx_it.c **** /* USER CODE BEGIN EV */
  63:Core/Src/stm32f1xx_it.c **** 
  64:Core/Src/stm32f1xx_it.c **** /* USER CODE END EV */
  65:Core/Src/stm32f1xx_it.c **** 
  66:Core/Src/stm32f1xx_it.c **** /******************************************************************************/
  67:Core/Src/stm32f1xx_it.c **** /*           Cortex-M3 Processor Interruption and Exception Handlers          */
  68:Core/Src/stm32f1xx_it.c **** /******************************************************************************/
  69:Core/Src/stm32f1xx_it.c **** /**
  70:Core/Src/stm32f1xx_it.c ****   * @brief This function handles Non maskable interrupt.
  71:Core/Src/stm32f1xx_it.c ****   */
  72:Core/Src/stm32f1xx_it.c **** void NMI_Handler(void)
  73:Core/Src/stm32f1xx_it.c **** {
  27              		.loc 1 73 1 view -0
  28              		.cfi_startproc
  29              		@ Volatile: function does not return.
  30              		@ args = 0, pretend = 0, frame = 0
  31              		@ frame_needed = 0, uses_anonymous_args = 0
  32              		@ link register save eliminated.
  33              	.L2:
  74:Core/Src/stm32f1xx_it.c ****   /* USER CODE BEGIN NonMaskableInt_IRQn 0 */
  75:Core/Src/stm32f1xx_it.c **** 
  76:Core/Src/stm32f1xx_it.c ****   /* USER CODE END NonMaskableInt_IRQn 0 */
  77:Core/Src/stm32f1xx_it.c ****   /* USER CODE BEGIN NonMaskableInt_IRQn 1 */
  78:Core/Src/stm32f1xx_it.c ****    while (1)
  34              		.loc 1 78 4 discriminator 1 view .LVU1
  79:Core/Src/stm32f1xx_it.c ****   {
  80:Core/Src/stm32f1xx_it.c ****   }
  35              		.loc 1 80 3 discriminator 1 view .LVU2
ARM GAS  C:\Users\Lenovo\AppData\Local\Temp\cc9BpNjP.s 			page 3


  78:Core/Src/stm32f1xx_it.c ****   {
  36              		.loc 1 78 10 discriminator 1 view .LVU3
  37 0000 FEE7     		b	.L2
  38              		.cfi_endproc
  39              	.LFE65:
  41              		.section	.text.HardFault_Handler,"ax",%progbits
  42              		.align	1
  43              		.global	HardFault_Handler
  44              		.syntax unified
  45              		.thumb
  46              		.thumb_func
  48              	HardFault_Handler:
  49              	.LFB66:
  81:Core/Src/stm32f1xx_it.c ****   /* USER CODE END NonMaskableInt_IRQn 1 */
  82:Core/Src/stm32f1xx_it.c **** }
  83:Core/Src/stm32f1xx_it.c **** 
  84:Core/Src/stm32f1xx_it.c **** /**
  85:Core/Src/stm32f1xx_it.c ****   * @brief This function handles Hard fault interrupt.
  86:Core/Src/stm32f1xx_it.c ****   */
  87:Core/Src/stm32f1xx_it.c **** void HardFault_Handler(void)
  88:Core/Src/stm32f1xx_it.c **** {
  50              		.loc 1 88 1 view -0
  51              		.cfi_startproc
  52              		@ Volatile: function does not return.
  53              		@ args = 0, pretend = 0, frame = 0
  54              		@ frame_needed = 0, uses_anonymous_args = 0
  55              		@ link register save eliminated.
  56              	.L4:
  89:Core/Src/stm32f1xx_it.c ****   /* USER CODE BEGIN HardFault_IRQn 0 */
  90:Core/Src/stm32f1xx_it.c **** 
  91:Core/Src/stm32f1xx_it.c ****   /* USER CODE END HardFault_IRQn 0 */
  92:Core/Src/stm32f1xx_it.c ****   while (1)
  57              		.loc 1 92 3 discriminator 1 view .LVU5
  93:Core/Src/stm32f1xx_it.c ****   {
  94:Core/Src/stm32f1xx_it.c ****     /* USER CODE BEGIN W1_HardFault_IRQn 0 */
  95:Core/Src/stm32f1xx_it.c ****     /* USER CODE END W1_HardFault_IRQn 0 */
  96:Core/Src/stm32f1xx_it.c ****   }
  58              		.loc 1 96 3 discriminator 1 view .LVU6
  92:Core/Src/stm32f1xx_it.c ****   {
  59              		.loc 1 92 9 discriminator 1 view .LVU7
  60 0000 FEE7     		b	.L4
  61              		.cfi_endproc
  62              	.LFE66:
  64              		.section	.text.MemManage_Handler,"ax",%progbits
  65              		.align	1
  66              		.global	MemManage_Handler
  67              		.syntax unified
  68              		.thumb
  69              		.thumb_func
  71              	MemManage_Handler:
  72              	.LFB67:
  97:Core/Src/stm32f1xx_it.c **** }
  98:Core/Src/stm32f1xx_it.c **** 
  99:Core/Src/stm32f1xx_it.c **** /**
 100:Core/Src/stm32f1xx_it.c ****   * @brief This function handles Memory management fault.
 101:Core/Src/stm32f1xx_it.c ****   */
 102:Core/Src/stm32f1xx_it.c **** void MemManage_Handler(void)
ARM GAS  C:\Users\Lenovo\AppData\Local\Temp\cc9BpNjP.s 			page 4


 103:Core/Src/stm32f1xx_it.c **** {
  73              		.loc 1 103 1 view -0
  74              		.cfi_startproc
  75              		@ Volatile: function does not return.
  76              		@ args = 0, pretend = 0, frame = 0
  77              		@ frame_needed = 0, uses_anonymous_args = 0
  78              		@ link register save eliminated.
  79              	.L6:
 104:Core/Src/stm32f1xx_it.c ****   /* USER CODE BEGIN MemoryManagement_IRQn 0 */
 105:Core/Src/stm32f1xx_it.c **** 
 106:Core/Src/stm32f1xx_it.c ****   /* USER CODE END MemoryManagement_IRQn 0 */
 107:Core/Src/stm32f1xx_it.c ****   while (1)
  80              		.loc 1 107 3 discriminator 1 view .LVU9
 108:Core/Src/stm32f1xx_it.c ****   {
 109:Core/Src/stm32f1xx_it.c ****     /* USER CODE BEGIN W1_MemoryManagement_IRQn 0 */
 110:Core/Src/stm32f1xx_it.c ****     /* USER CODE END W1_MemoryManagement_IRQn 0 */
 111:Core/Src/stm32f1xx_it.c ****   }
  81              		.loc 1 111 3 discriminator 1 view .LVU10
 107:Core/Src/stm32f1xx_it.c ****   {
  82              		.loc 1 107 9 discriminator 1 view .LVU11
  83 0000 FEE7     		b	.L6
  84              		.cfi_endproc
  85              	.LFE67:
  87              		.section	.text.BusFault_Handler,"ax",%progbits
  88              		.align	1
  89              		.global	BusFault_Handler
  90              		.syntax unified
  91              		.thumb
  92              		.thumb_func
  94              	BusFault_Handler:
  95              	.LFB68:
 112:Core/Src/stm32f1xx_it.c **** }
 113:Core/Src/stm32f1xx_it.c **** 
 114:Core/Src/stm32f1xx_it.c **** /**
 115:Core/Src/stm32f1xx_it.c ****   * @brief This function handles Prefetch fault, memory access fault.
 116:Core/Src/stm32f1xx_it.c ****   */
 117:Core/Src/stm32f1xx_it.c **** void BusFault_Handler(void)
 118:Core/Src/stm32f1xx_it.c **** {
  96              		.loc 1 118 1 view -0
  97              		.cfi_startproc
  98              		@ Volatile: function does not return.
  99              		@ args = 0, pretend = 0, frame = 0
 100              		@ frame_needed = 0, uses_anonymous_args = 0
 101              		@ link register save eliminated.
 102              	.L8:
 119:Core/Src/stm32f1xx_it.c ****   /* USER CODE BEGIN BusFault_IRQn 0 */
 120:Core/Src/stm32f1xx_it.c **** 
 121:Core/Src/stm32f1xx_it.c ****   /* USER CODE END BusFault_IRQn 0 */
 122:Core/Src/stm32f1xx_it.c ****   while (1)
 103              		.loc 1 122 3 discriminator 1 view .LVU13
 123:Core/Src/stm32f1xx_it.c ****   {
 124:Core/Src/stm32f1xx_it.c ****     /* USER CODE BEGIN W1_BusFault_IRQn 0 */
 125:Core/Src/stm32f1xx_it.c ****     /* USER CODE END W1_BusFault_IRQn 0 */
 126:Core/Src/stm32f1xx_it.c ****   }
 104              		.loc 1 126 3 discriminator 1 view .LVU14
 122:Core/Src/stm32f1xx_it.c ****   {
 105              		.loc 1 122 9 discriminator 1 view .LVU15
ARM GAS  C:\Users\Lenovo\AppData\Local\Temp\cc9BpNjP.s 			page 5


 106 0000 FEE7     		b	.L8
 107              		.cfi_endproc
 108              	.LFE68:
 110              		.section	.text.UsageFault_Handler,"ax",%progbits
 111              		.align	1
 112              		.global	UsageFault_Handler
 113              		.syntax unified
 114              		.thumb
 115              		.thumb_func
 117              	UsageFault_Handler:
 118              	.LFB69:
 127:Core/Src/stm32f1xx_it.c **** }
 128:Core/Src/stm32f1xx_it.c **** 
 129:Core/Src/stm32f1xx_it.c **** /**
 130:Core/Src/stm32f1xx_it.c ****   * @brief This function handles Undefined instruction or illegal state.
 131:Core/Src/stm32f1xx_it.c ****   */
 132:Core/Src/stm32f1xx_it.c **** void UsageFault_Handler(void)
 133:Core/Src/stm32f1xx_it.c **** {
 119              		.loc 1 133 1 view -0
 120              		.cfi_startproc
 121              		@ Volatile: function does not return.
 122              		@ args = 0, pretend = 0, frame = 0
 123              		@ frame_needed = 0, uses_anonymous_args = 0
 124              		@ link register save eliminated.
 125              	.L10:
 134:Core/Src/stm32f1xx_it.c ****   /* USER CODE BEGIN UsageFault_IRQn 0 */
 135:Core/Src/stm32f1xx_it.c **** 
 136:Core/Src/stm32f1xx_it.c ****   /* USER CODE END UsageFault_IRQn 0 */
 137:Core/Src/stm32f1xx_it.c ****   while (1)
 126              		.loc 1 137 3 discriminator 1 view .LVU17
 138:Core/Src/stm32f1xx_it.c ****   {
 139:Core/Src/stm32f1xx_it.c ****     /* USER CODE BEGIN W1_UsageFault_IRQn 0 */
 140:Core/Src/stm32f1xx_it.c ****     /* USER CODE END W1_UsageFault_IRQn 0 */
 141:Core/Src/stm32f1xx_it.c ****   }
 127              		.loc 1 141 3 discriminator 1 view .LVU18
 137:Core/Src/stm32f1xx_it.c ****   {
 128              		.loc 1 137 9 discriminator 1 view .LVU19
 129 0000 FEE7     		b	.L10
 130              		.cfi_endproc
 131              	.LFE69:
 133              		.section	.text.SVC_Handler,"ax",%progbits
 134              		.align	1
 135              		.global	SVC_Handler
 136              		.syntax unified
 137              		.thumb
 138              		.thumb_func
 140              	SVC_Handler:
 141              	.LFB70:
 142:Core/Src/stm32f1xx_it.c **** }
 143:Core/Src/stm32f1xx_it.c **** 
 144:Core/Src/stm32f1xx_it.c **** /**
 145:Core/Src/stm32f1xx_it.c ****   * @brief This function handles System service call via SWI instruction.
 146:Core/Src/stm32f1xx_it.c ****   */
 147:Core/Src/stm32f1xx_it.c **** void SVC_Handler(void)
 148:Core/Src/stm32f1xx_it.c **** {
 142              		.loc 1 148 1 view -0
 143              		.cfi_startproc
ARM GAS  C:\Users\Lenovo\AppData\Local\Temp\cc9BpNjP.s 			page 6


 144              		@ args = 0, pretend = 0, frame = 0
 145              		@ frame_needed = 0, uses_anonymous_args = 0
 146              		@ link register save eliminated.
 149:Core/Src/stm32f1xx_it.c ****   /* USER CODE BEGIN SVCall_IRQn 0 */
 150:Core/Src/stm32f1xx_it.c **** 
 151:Core/Src/stm32f1xx_it.c ****   /* USER CODE END SVCall_IRQn 0 */
 152:Core/Src/stm32f1xx_it.c ****   /* USER CODE BEGIN SVCall_IRQn 1 */
 153:Core/Src/stm32f1xx_it.c **** 
 154:Core/Src/stm32f1xx_it.c ****   /* USER CODE END SVCall_IRQn 1 */
 155:Core/Src/stm32f1xx_it.c **** }
 147              		.loc 1 155 1 view .LVU21
 148 0000 7047     		bx	lr
 149              		.cfi_endproc
 150              	.LFE70:
 152              		.section	.text.DebugMon_Handler,"ax",%progbits
 153              		.align	1
 154              		.global	DebugMon_Handler
 155              		.syntax unified
 156              		.thumb
 157              		.thumb_func
 159              	DebugMon_Handler:
 160              	.LFB71:
 156:Core/Src/stm32f1xx_it.c **** 
 157:Core/Src/stm32f1xx_it.c **** /**
 158:Core/Src/stm32f1xx_it.c ****   * @brief This function handles Debug monitor.
 159:Core/Src/stm32f1xx_it.c ****   */
 160:Core/Src/stm32f1xx_it.c **** void DebugMon_Handler(void)
 161:Core/Src/stm32f1xx_it.c **** {
 161              		.loc 1 161 1 view -0
 162              		.cfi_startproc
 163              		@ args = 0, pretend = 0, frame = 0
 164              		@ frame_needed = 0, uses_anonymous_args = 0
 165              		@ link register save eliminated.
 162:Core/Src/stm32f1xx_it.c ****   /* USER CODE BEGIN DebugMonitor_IRQn 0 */
 163:Core/Src/stm32f1xx_it.c **** 
 164:Core/Src/stm32f1xx_it.c ****   /* USER CODE END DebugMonitor_IRQn 0 */
 165:Core/Src/stm32f1xx_it.c ****   /* USER CODE BEGIN DebugMonitor_IRQn 1 */
 166:Core/Src/stm32f1xx_it.c **** 
 167:Core/Src/stm32f1xx_it.c ****   /* USER CODE END DebugMonitor_IRQn 1 */
 168:Core/Src/stm32f1xx_it.c **** }
 166              		.loc 1 168 1 view .LVU23
 167 0000 7047     		bx	lr
 168              		.cfi_endproc
 169              	.LFE71:
 171              		.section	.text.PendSV_Handler,"ax",%progbits
 172              		.align	1
 173              		.global	PendSV_Handler
 174              		.syntax unified
 175              		.thumb
 176              		.thumb_func
 178              	PendSV_Handler:
 179              	.LFB72:
 169:Core/Src/stm32f1xx_it.c **** 
 170:Core/Src/stm32f1xx_it.c **** /**
 171:Core/Src/stm32f1xx_it.c ****   * @brief This function handles Pendable request for system service.
 172:Core/Src/stm32f1xx_it.c ****   */
 173:Core/Src/stm32f1xx_it.c **** void PendSV_Handler(void)
ARM GAS  C:\Users\Lenovo\AppData\Local\Temp\cc9BpNjP.s 			page 7


 174:Core/Src/stm32f1xx_it.c **** {
 180              		.loc 1 174 1 view -0
 181              		.cfi_startproc
 182              		@ args = 0, pretend = 0, frame = 0
 183              		@ frame_needed = 0, uses_anonymous_args = 0
 184              		@ link register save eliminated.
 175:Core/Src/stm32f1xx_it.c ****   /* USER CODE BEGIN PendSV_IRQn 0 */
 176:Core/Src/stm32f1xx_it.c **** 
 177:Core/Src/stm32f1xx_it.c ****   /* USER CODE END PendSV_IRQn 0 */
 178:Core/Src/stm32f1xx_it.c ****   /* USER CODE BEGIN PendSV_IRQn 1 */
 179:Core/Src/stm32f1xx_it.c **** 
 180:Core/Src/stm32f1xx_it.c ****   /* USER CODE END PendSV_IRQn 1 */
 181:Core/Src/stm32f1xx_it.c **** }
 185              		.loc 1 181 1 view .LVU25
 186 0000 7047     		bx	lr
 187              		.cfi_endproc
 188              	.LFE72:
 190              		.section	.text.SysTick_Handler,"ax",%progbits
 191              		.align	1
 192              		.global	SysTick_Handler
 193              		.syntax unified
 194              		.thumb
 195              		.thumb_func
 197              	SysTick_Handler:
 198              	.LFB73:
 182:Core/Src/stm32f1xx_it.c **** 
 183:Core/Src/stm32f1xx_it.c **** /**
 184:Core/Src/stm32f1xx_it.c ****   * @brief This function handles System tick timer.
 185:Core/Src/stm32f1xx_it.c ****   */
 186:Core/Src/stm32f1xx_it.c **** void SysTick_Handler(void)
 187:Core/Src/stm32f1xx_it.c **** {
 199              		.loc 1 187 1 view -0
 200              		.cfi_startproc
 201              		@ args = 0, pretend = 0, frame = 0
 202              		@ frame_needed = 0, uses_anonymous_args = 0
 203 0000 08B5     		push	{r3, lr}
 204              	.LCFI0:
 205              		.cfi_def_cfa_offset 8
 206              		.cfi_offset 3, -8
 207              		.cfi_offset 14, -4
 188:Core/Src/stm32f1xx_it.c ****   /* USER CODE BEGIN SysTick_IRQn 0 */
 189:Core/Src/stm32f1xx_it.c **** 
 190:Core/Src/stm32f1xx_it.c ****   /* USER CODE END SysTick_IRQn 0 */
 191:Core/Src/stm32f1xx_it.c ****   HAL_IncTick();
 208              		.loc 1 191 3 view .LVU27
 209 0002 FFF7FEFF 		bl	HAL_IncTick
 210              	.LVL0:
 192:Core/Src/stm32f1xx_it.c ****   /* USER CODE BEGIN SysTick_IRQn 1 */
 193:Core/Src/stm32f1xx_it.c **** 
 194:Core/Src/stm32f1xx_it.c ****   /* USER CODE END SysTick_IRQn 1 */
 195:Core/Src/stm32f1xx_it.c **** }
 211              		.loc 1 195 1 is_stmt 0 view .LVU28
 212 0006 08BD     		pop	{r3, pc}
 213              		.cfi_endproc
 214              	.LFE73:
 216              		.section	.text.RCC_IRQHandler,"ax",%progbits
 217              		.align	1
ARM GAS  C:\Users\Lenovo\AppData\Local\Temp\cc9BpNjP.s 			page 8


 218              		.global	RCC_IRQHandler
 219              		.syntax unified
 220              		.thumb
 221              		.thumb_func
 223              	RCC_IRQHandler:
 224              	.LFB74:
 196:Core/Src/stm32f1xx_it.c **** 
 197:Core/Src/stm32f1xx_it.c **** /******************************************************************************/
 198:Core/Src/stm32f1xx_it.c **** /* STM32F1xx Peripheral Interrupt Handlers                                    */
 199:Core/Src/stm32f1xx_it.c **** /* Add here the Interrupt Handlers for the used peripherals.                  */
 200:Core/Src/stm32f1xx_it.c **** /* For the available peripheral interrupt handler names,                      */
 201:Core/Src/stm32f1xx_it.c **** /* please refer to the startup file (startup_stm32f1xx.s).                    */
 202:Core/Src/stm32f1xx_it.c **** /******************************************************************************/
 203:Core/Src/stm32f1xx_it.c **** 
 204:Core/Src/stm32f1xx_it.c **** /**
 205:Core/Src/stm32f1xx_it.c ****   * @brief This function handles RCC global interrupt.
 206:Core/Src/stm32f1xx_it.c ****   */
 207:Core/Src/stm32f1xx_it.c **** void RCC_IRQHandler(void)
 208:Core/Src/stm32f1xx_it.c **** {
 225              		.loc 1 208 1 is_stmt 1 view -0
 226              		.cfi_startproc
 227              		@ args = 0, pretend = 0, frame = 0
 228              		@ frame_needed = 0, uses_anonymous_args = 0
 229              		@ link register save eliminated.
 209:Core/Src/stm32f1xx_it.c ****   /* USER CODE BEGIN RCC_IRQn 0 */
 210:Core/Src/stm32f1xx_it.c **** 
 211:Core/Src/stm32f1xx_it.c ****   /* USER CODE END RCC_IRQn 0 */
 212:Core/Src/stm32f1xx_it.c ****   /* USER CODE BEGIN RCC_IRQn 1 */
 213:Core/Src/stm32f1xx_it.c **** 
 214:Core/Src/stm32f1xx_it.c ****   /* USER CODE END RCC_IRQn 1 */
 215:Core/Src/stm32f1xx_it.c **** }
 230              		.loc 1 215 1 view .LVU30
 231 0000 7047     		bx	lr
 232              		.cfi_endproc
 233              	.LFE74:
 235              		.section	.text.ADC1_2_IRQHandler,"ax",%progbits
 236              		.align	1
 237              		.global	ADC1_2_IRQHandler
 238              		.syntax unified
 239              		.thumb
 240              		.thumb_func
 242              	ADC1_2_IRQHandler:
 243              	.LFB75:
 216:Core/Src/stm32f1xx_it.c **** 
 217:Core/Src/stm32f1xx_it.c **** /**
 218:Core/Src/stm32f1xx_it.c ****   * @brief This function handles ADC1 and ADC2 global interrupts.
 219:Core/Src/stm32f1xx_it.c ****   */
 220:Core/Src/stm32f1xx_it.c **** void ADC1_2_IRQHandler(void)
 221:Core/Src/stm32f1xx_it.c **** {
 244              		.loc 1 221 1 view -0
 245              		.cfi_startproc
 246              		@ args = 0, pretend = 0, frame = 0
 247              		@ frame_needed = 0, uses_anonymous_args = 0
 248 0000 08B5     		push	{r3, lr}
 249              	.LCFI1:
 250              		.cfi_def_cfa_offset 8
 251              		.cfi_offset 3, -8
ARM GAS  C:\Users\Lenovo\AppData\Local\Temp\cc9BpNjP.s 			page 9


 252              		.cfi_offset 14, -4
 222:Core/Src/stm32f1xx_it.c ****   /* USER CODE BEGIN ADC1_2_IRQn 0 */
 223:Core/Src/stm32f1xx_it.c **** 
 224:Core/Src/stm32f1xx_it.c ****   /* USER CODE END ADC1_2_IRQn 0 */
 225:Core/Src/stm32f1xx_it.c ****   HAL_ADC_IRQHandler(&hadc1);
 253              		.loc 1 225 3 view .LVU32
 254 0002 0248     		ldr	r0, .L19
 255 0004 FFF7FEFF 		bl	HAL_ADC_IRQHandler
 256              	.LVL1:
 226:Core/Src/stm32f1xx_it.c ****   /* USER CODE BEGIN ADC1_2_IRQn 1 */
 227:Core/Src/stm32f1xx_it.c **** 
 228:Core/Src/stm32f1xx_it.c ****   /* USER CODE END ADC1_2_IRQn 1 */
 229:Core/Src/stm32f1xx_it.c **** }
 257              		.loc 1 229 1 is_stmt 0 view .LVU33
 258 0008 08BD     		pop	{r3, pc}
 259              	.L20:
 260 000a 00BF     		.align	2
 261              	.L19:
 262 000c 00000000 		.word	hadc1
 263              		.cfi_endproc
 264              	.LFE75:
 266              		.section	.text.USB_HP_CAN1_TX_IRQHandler,"ax",%progbits
 267              		.align	1
 268              		.global	USB_HP_CAN1_TX_IRQHandler
 269              		.syntax unified
 270              		.thumb
 271              		.thumb_func
 273              	USB_HP_CAN1_TX_IRQHandler:
 274              	.LFB76:
 230:Core/Src/stm32f1xx_it.c **** 
 231:Core/Src/stm32f1xx_it.c **** /**
 232:Core/Src/stm32f1xx_it.c ****   * @brief This function handles USB high priority or CAN TX interrupts.
 233:Core/Src/stm32f1xx_it.c ****   */
 234:Core/Src/stm32f1xx_it.c **** void USB_HP_CAN1_TX_IRQHandler(void)
 235:Core/Src/stm32f1xx_it.c **** {
 275              		.loc 1 235 1 is_stmt 1 view -0
 276              		.cfi_startproc
 277              		@ args = 0, pretend = 0, frame = 0
 278              		@ frame_needed = 0, uses_anonymous_args = 0
 279 0000 08B5     		push	{r3, lr}
 280              	.LCFI2:
 281              		.cfi_def_cfa_offset 8
 282              		.cfi_offset 3, -8
 283              		.cfi_offset 14, -4
 236:Core/Src/stm32f1xx_it.c ****   /* USER CODE BEGIN USB_HP_CAN1_TX_IRQn 0 */
 237:Core/Src/stm32f1xx_it.c **** 
 238:Core/Src/stm32f1xx_it.c ****   /* USER CODE END USB_HP_CAN1_TX_IRQn 0 */
 239:Core/Src/stm32f1xx_it.c ****   HAL_CAN_IRQHandler(&hcan);
 284              		.loc 1 239 3 view .LVU35
 285 0002 0248     		ldr	r0, .L23
 286 0004 FFF7FEFF 		bl	HAL_CAN_IRQHandler
 287              	.LVL2:
 240:Core/Src/stm32f1xx_it.c ****   /* USER CODE BEGIN USB_HP_CAN1_TX_IRQn 1 */
 241:Core/Src/stm32f1xx_it.c **** 
 242:Core/Src/stm32f1xx_it.c ****   /* USER CODE END USB_HP_CAN1_TX_IRQn 1 */
 243:Core/Src/stm32f1xx_it.c **** }
 288              		.loc 1 243 1 is_stmt 0 view .LVU36
ARM GAS  C:\Users\Lenovo\AppData\Local\Temp\cc9BpNjP.s 			page 10


 289 0008 08BD     		pop	{r3, pc}
 290              	.L24:
 291 000a 00BF     		.align	2
 292              	.L23:
 293 000c 00000000 		.word	hcan
 294              		.cfi_endproc
 295              	.LFE76:
 297              		.section	.text.USB_LP_CAN1_RX0_IRQHandler,"ax",%progbits
 298              		.align	1
 299              		.global	USB_LP_CAN1_RX0_IRQHandler
 300              		.syntax unified
 301              		.thumb
 302              		.thumb_func
 304              	USB_LP_CAN1_RX0_IRQHandler:
 305              	.LFB77:
 244:Core/Src/stm32f1xx_it.c **** 
 245:Core/Src/stm32f1xx_it.c **** /**
 246:Core/Src/stm32f1xx_it.c ****   * @brief This function handles USB low priority or CAN RX0 interrupts.
 247:Core/Src/stm32f1xx_it.c ****   */
 248:Core/Src/stm32f1xx_it.c **** void USB_LP_CAN1_RX0_IRQHandler(void)
 249:Core/Src/stm32f1xx_it.c **** {
 306              		.loc 1 249 1 is_stmt 1 view -0
 307              		.cfi_startproc
 308              		@ args = 0, pretend = 0, frame = 0
 309              		@ frame_needed = 0, uses_anonymous_args = 0
 310 0000 08B5     		push	{r3, lr}
 311              	.LCFI3:
 312              		.cfi_def_cfa_offset 8
 313              		.cfi_offset 3, -8
 314              		.cfi_offset 14, -4
 250:Core/Src/stm32f1xx_it.c ****   /* USER CODE BEGIN USB_LP_CAN1_RX0_IRQn 0 */
 251:Core/Src/stm32f1xx_it.c **** 
 252:Core/Src/stm32f1xx_it.c ****   /* USER CODE END USB_LP_CAN1_RX0_IRQn 0 */
 253:Core/Src/stm32f1xx_it.c ****   HAL_CAN_IRQHandler(&hcan);
 315              		.loc 1 253 3 view .LVU38
 316 0002 0248     		ldr	r0, .L27
 317 0004 FFF7FEFF 		bl	HAL_CAN_IRQHandler
 318              	.LVL3:
 254:Core/Src/stm32f1xx_it.c ****   /* USER CODE BEGIN USB_LP_CAN1_RX0_IRQn 1 */
 255:Core/Src/stm32f1xx_it.c **** 
 256:Core/Src/stm32f1xx_it.c ****   /* USER CODE END USB_LP_CAN1_RX0_IRQn 1 */
 257:Core/Src/stm32f1xx_it.c **** }
 319              		.loc 1 257 1 is_stmt 0 view .LVU39
 320 0008 08BD     		pop	{r3, pc}
 321              	.L28:
 322 000a 00BF     		.align	2
 323              	.L27:
 324 000c 00000000 		.word	hcan
 325              		.cfi_endproc
 326              	.LFE77:
 328              		.section	.text.CAN1_RX1_IRQHandler,"ax",%progbits
 329              		.align	1
 330              		.global	CAN1_RX1_IRQHandler
 331              		.syntax unified
 332              		.thumb
 333              		.thumb_func
 335              	CAN1_RX1_IRQHandler:
ARM GAS  C:\Users\Lenovo\AppData\Local\Temp\cc9BpNjP.s 			page 11


 336              	.LFB78:
 258:Core/Src/stm32f1xx_it.c **** 
 259:Core/Src/stm32f1xx_it.c **** /**
 260:Core/Src/stm32f1xx_it.c ****   * @brief This function handles CAN RX1 interrupt.
 261:Core/Src/stm32f1xx_it.c ****   */
 262:Core/Src/stm32f1xx_it.c **** void CAN1_RX1_IRQHandler(void)
 263:Core/Src/stm32f1xx_it.c **** {
 337              		.loc 1 263 1 is_stmt 1 view -0
 338              		.cfi_startproc
 339              		@ args = 0, pretend = 0, frame = 0
 340              		@ frame_needed = 0, uses_anonymous_args = 0
 341 0000 08B5     		push	{r3, lr}
 342              	.LCFI4:
 343              		.cfi_def_cfa_offset 8
 344              		.cfi_offset 3, -8
 345              		.cfi_offset 14, -4
 264:Core/Src/stm32f1xx_it.c ****   /* USER CODE BEGIN CAN1_RX1_IRQn 0 */
 265:Core/Src/stm32f1xx_it.c **** 
 266:Core/Src/stm32f1xx_it.c ****   /* USER CODE END CAN1_RX1_IRQn 0 */
 267:Core/Src/stm32f1xx_it.c ****   HAL_CAN_IRQHandler(&hcan);
 346              		.loc 1 267 3 view .LVU41
 347 0002 0248     		ldr	r0, .L31
 348 0004 FFF7FEFF 		bl	HAL_CAN_IRQHandler
 349              	.LVL4:
 268:Core/Src/stm32f1xx_it.c ****   /* USER CODE BEGIN CAN1_RX1_IRQn 1 */
 269:Core/Src/stm32f1xx_it.c **** 
 270:Core/Src/stm32f1xx_it.c ****   /* USER CODE END CAN1_RX1_IRQn 1 */
 271:Core/Src/stm32f1xx_it.c **** }
 350              		.loc 1 271 1 is_stmt 0 view .LVU42
 351 0008 08BD     		pop	{r3, pc}
 352              	.L32:
 353 000a 00BF     		.align	2
 354              	.L31:
 355 000c 00000000 		.word	hcan
 356              		.cfi_endproc
 357              	.LFE78:
 359              		.section	.text.CAN1_SCE_IRQHandler,"ax",%progbits
 360              		.align	1
 361              		.global	CAN1_SCE_IRQHandler
 362              		.syntax unified
 363              		.thumb
 364              		.thumb_func
 366              	CAN1_SCE_IRQHandler:
 367              	.LFB79:
 272:Core/Src/stm32f1xx_it.c **** 
 273:Core/Src/stm32f1xx_it.c **** /**
 274:Core/Src/stm32f1xx_it.c ****   * @brief This function handles CAN SCE interrupt.
 275:Core/Src/stm32f1xx_it.c ****   */
 276:Core/Src/stm32f1xx_it.c **** void CAN1_SCE_IRQHandler(void)
 277:Core/Src/stm32f1xx_it.c **** {
 368              		.loc 1 277 1 is_stmt 1 view -0
 369              		.cfi_startproc
 370              		@ args = 0, pretend = 0, frame = 0
 371              		@ frame_needed = 0, uses_anonymous_args = 0
 372 0000 08B5     		push	{r3, lr}
 373              	.LCFI5:
 374              		.cfi_def_cfa_offset 8
ARM GAS  C:\Users\Lenovo\AppData\Local\Temp\cc9BpNjP.s 			page 12


 375              		.cfi_offset 3, -8
 376              		.cfi_offset 14, -4
 278:Core/Src/stm32f1xx_it.c ****   /* USER CODE BEGIN CAN1_SCE_IRQn 0 */
 279:Core/Src/stm32f1xx_it.c **** 
 280:Core/Src/stm32f1xx_it.c ****   /* USER CODE END CAN1_SCE_IRQn 0 */
 281:Core/Src/stm32f1xx_it.c ****   HAL_CAN_IRQHandler(&hcan);
 377              		.loc 1 281 3 view .LVU44
 378 0002 0248     		ldr	r0, .L35
 379 0004 FFF7FEFF 		bl	HAL_CAN_IRQHandler
 380              	.LVL5:
 282:Core/Src/stm32f1xx_it.c ****   /* USER CODE BEGIN CAN1_SCE_IRQn 1 */
 283:Core/Src/stm32f1xx_it.c **** 
 284:Core/Src/stm32f1xx_it.c ****   /* USER CODE END CAN1_SCE_IRQn 1 */
 285:Core/Src/stm32f1xx_it.c **** }
 381              		.loc 1 285 1 is_stmt 0 view .LVU45
 382 0008 08BD     		pop	{r3, pc}
 383              	.L36:
 384 000a 00BF     		.align	2
 385              	.L35:
 386 000c 00000000 		.word	hcan
 387              		.cfi_endproc
 388              	.LFE79:
 390              		.section	.text.TIM1_BRK_IRQHandler,"ax",%progbits
 391              		.align	1
 392              		.global	TIM1_BRK_IRQHandler
 393              		.syntax unified
 394              		.thumb
 395              		.thumb_func
 397              	TIM1_BRK_IRQHandler:
 398              	.LFB80:
 286:Core/Src/stm32f1xx_it.c **** 
 287:Core/Src/stm32f1xx_it.c **** /**
 288:Core/Src/stm32f1xx_it.c ****   * @brief This function handles TIM1 break interrupt.
 289:Core/Src/stm32f1xx_it.c ****   */
 290:Core/Src/stm32f1xx_it.c **** void TIM1_BRK_IRQHandler(void)
 291:Core/Src/stm32f1xx_it.c **** {
 399              		.loc 1 291 1 is_stmt 1 view -0
 400              		.cfi_startproc
 401              		@ args = 0, pretend = 0, frame = 0
 402              		@ frame_needed = 0, uses_anonymous_args = 0
 403 0000 08B5     		push	{r3, lr}
 404              	.LCFI6:
 405              		.cfi_def_cfa_offset 8
 406              		.cfi_offset 3, -8
 407              		.cfi_offset 14, -4
 292:Core/Src/stm32f1xx_it.c ****   /* USER CODE BEGIN TIM1_BRK_IRQn 0 */
 293:Core/Src/stm32f1xx_it.c **** 
 294:Core/Src/stm32f1xx_it.c ****   /* USER CODE END TIM1_BRK_IRQn 0 */
 295:Core/Src/stm32f1xx_it.c ****   HAL_TIM_IRQHandler(&htim1);
 408              		.loc 1 295 3 view .LVU47
 409 0002 0248     		ldr	r0, .L39
 410 0004 FFF7FEFF 		bl	HAL_TIM_IRQHandler
 411              	.LVL6:
 296:Core/Src/stm32f1xx_it.c ****   /* USER CODE BEGIN TIM1_BRK_IRQn 1 */
 297:Core/Src/stm32f1xx_it.c **** 
 298:Core/Src/stm32f1xx_it.c ****   /* USER CODE END TIM1_BRK_IRQn 1 */
 299:Core/Src/stm32f1xx_it.c **** }
ARM GAS  C:\Users\Lenovo\AppData\Local\Temp\cc9BpNjP.s 			page 13


 412              		.loc 1 299 1 is_stmt 0 view .LVU48
 413 0008 08BD     		pop	{r3, pc}
 414              	.L40:
 415 000a 00BF     		.align	2
 416              	.L39:
 417 000c 00000000 		.word	htim1
 418              		.cfi_endproc
 419              	.LFE80:
 421              		.section	.text.TIM1_UP_IRQHandler,"ax",%progbits
 422              		.align	1
 423              		.global	TIM1_UP_IRQHandler
 424              		.syntax unified
 425              		.thumb
 426              		.thumb_func
 428              	TIM1_UP_IRQHandler:
 429              	.LFB81:
 300:Core/Src/stm32f1xx_it.c **** 
 301:Core/Src/stm32f1xx_it.c **** /**
 302:Core/Src/stm32f1xx_it.c ****   * @brief This function handles TIM1 update interrupt.
 303:Core/Src/stm32f1xx_it.c ****   */
 304:Core/Src/stm32f1xx_it.c **** void TIM1_UP_IRQHandler(void)
 305:Core/Src/stm32f1xx_it.c **** {
 430              		.loc 1 305 1 is_stmt 1 view -0
 431              		.cfi_startproc
 432              		@ args = 0, pretend = 0, frame = 0
 433              		@ frame_needed = 0, uses_anonymous_args = 0
 434 0000 08B5     		push	{r3, lr}
 435              	.LCFI7:
 436              		.cfi_def_cfa_offset 8
 437              		.cfi_offset 3, -8
 438              		.cfi_offset 14, -4
 306:Core/Src/stm32f1xx_it.c ****   /* USER CODE BEGIN TIM1_UP_IRQn 0 */
 307:Core/Src/stm32f1xx_it.c **** 
 308:Core/Src/stm32f1xx_it.c ****   /* USER CODE END TIM1_UP_IRQn 0 */
 309:Core/Src/stm32f1xx_it.c ****   HAL_TIM_IRQHandler(&htim1);
 439              		.loc 1 309 3 view .LVU50
 440 0002 0248     		ldr	r0, .L43
 441 0004 FFF7FEFF 		bl	HAL_TIM_IRQHandler
 442              	.LVL7:
 310:Core/Src/stm32f1xx_it.c ****   /* USER CODE BEGIN TIM1_UP_IRQn 1 */
 311:Core/Src/stm32f1xx_it.c **** 
 312:Core/Src/stm32f1xx_it.c ****   /* USER CODE END TIM1_UP_IRQn 1 */
 313:Core/Src/stm32f1xx_it.c **** }
 443              		.loc 1 313 1 is_stmt 0 view .LVU51
 444 0008 08BD     		pop	{r3, pc}
 445              	.L44:
 446 000a 00BF     		.align	2
 447              	.L43:
 448 000c 00000000 		.word	htim1
 449              		.cfi_endproc
 450              	.LFE81:
 452              		.section	.text.TIM1_TRG_COM_IRQHandler,"ax",%progbits
 453              		.align	1
 454              		.global	TIM1_TRG_COM_IRQHandler
 455              		.syntax unified
 456              		.thumb
 457              		.thumb_func
ARM GAS  C:\Users\Lenovo\AppData\Local\Temp\cc9BpNjP.s 			page 14


 459              	TIM1_TRG_COM_IRQHandler:
 460              	.LFB82:
 314:Core/Src/stm32f1xx_it.c **** 
 315:Core/Src/stm32f1xx_it.c **** /**
 316:Core/Src/stm32f1xx_it.c ****   * @brief This function handles TIM1 trigger and commutation interrupts.
 317:Core/Src/stm32f1xx_it.c ****   */
 318:Core/Src/stm32f1xx_it.c **** void TIM1_TRG_COM_IRQHandler(void)
 319:Core/Src/stm32f1xx_it.c **** {
 461              		.loc 1 319 1 is_stmt 1 view -0
 462              		.cfi_startproc
 463              		@ args = 0, pretend = 0, frame = 0
 464              		@ frame_needed = 0, uses_anonymous_args = 0
 465 0000 08B5     		push	{r3, lr}
 466              	.LCFI8:
 467              		.cfi_def_cfa_offset 8
 468              		.cfi_offset 3, -8
 469              		.cfi_offset 14, -4
 320:Core/Src/stm32f1xx_it.c ****   /* USER CODE BEGIN TIM1_TRG_COM_IRQn 0 */
 321:Core/Src/stm32f1xx_it.c **** 
 322:Core/Src/stm32f1xx_it.c ****   /* USER CODE END TIM1_TRG_COM_IRQn 0 */
 323:Core/Src/stm32f1xx_it.c ****   HAL_TIM_IRQHandler(&htim1);
 470              		.loc 1 323 3 view .LVU53
 471 0002 0248     		ldr	r0, .L47
 472 0004 FFF7FEFF 		bl	HAL_TIM_IRQHandler
 473              	.LVL8:
 324:Core/Src/stm32f1xx_it.c ****   /* USER CODE BEGIN TIM1_TRG_COM_IRQn 1 */
 325:Core/Src/stm32f1xx_it.c **** 
 326:Core/Src/stm32f1xx_it.c ****   /* USER CODE END TIM1_TRG_COM_IRQn 1 */
 327:Core/Src/stm32f1xx_it.c **** }
 474              		.loc 1 327 1 is_stmt 0 view .LVU54
 475 0008 08BD     		pop	{r3, pc}
 476              	.L48:
 477 000a 00BF     		.align	2
 478              	.L47:
 479 000c 00000000 		.word	htim1
 480              		.cfi_endproc
 481              	.LFE82:
 483              		.section	.text.TIM1_CC_IRQHandler,"ax",%progbits
 484              		.align	1
 485              		.global	TIM1_CC_IRQHandler
 486              		.syntax unified
 487              		.thumb
 488              		.thumb_func
 490              	TIM1_CC_IRQHandler:
 491              	.LFB83:
 328:Core/Src/stm32f1xx_it.c **** 
 329:Core/Src/stm32f1xx_it.c **** /**
 330:Core/Src/stm32f1xx_it.c ****   * @brief This function handles TIM1 capture compare interrupt.
 331:Core/Src/stm32f1xx_it.c ****   */
 332:Core/Src/stm32f1xx_it.c **** void TIM1_CC_IRQHandler(void)
 333:Core/Src/stm32f1xx_it.c **** {
 492              		.loc 1 333 1 is_stmt 1 view -0
 493              		.cfi_startproc
 494              		@ args = 0, pretend = 0, frame = 0
 495              		@ frame_needed = 0, uses_anonymous_args = 0
 496 0000 08B5     		push	{r3, lr}
 497              	.LCFI9:
ARM GAS  C:\Users\Lenovo\AppData\Local\Temp\cc9BpNjP.s 			page 15


 498              		.cfi_def_cfa_offset 8
 499              		.cfi_offset 3, -8
 500              		.cfi_offset 14, -4
 334:Core/Src/stm32f1xx_it.c ****   /* USER CODE BEGIN TIM1_CC_IRQn 0 */
 335:Core/Src/stm32f1xx_it.c **** 
 336:Core/Src/stm32f1xx_it.c ****   /* USER CODE END TIM1_CC_IRQn 0 */
 337:Core/Src/stm32f1xx_it.c ****   HAL_TIM_IRQHandler(&htim1);
 501              		.loc 1 337 3 view .LVU56
 502 0002 0248     		ldr	r0, .L51
 503 0004 FFF7FEFF 		bl	HAL_TIM_IRQHandler
 504              	.LVL9:
 338:Core/Src/stm32f1xx_it.c ****   /* USER CODE BEGIN TIM1_CC_IRQn 1 */
 339:Core/Src/stm32f1xx_it.c **** 
 340:Core/Src/stm32f1xx_it.c ****   /* USER CODE END TIM1_CC_IRQn 1 */
 341:Core/Src/stm32f1xx_it.c **** }
 505              		.loc 1 341 1 is_stmt 0 view .LVU57
 506 0008 08BD     		pop	{r3, pc}
 507              	.L52:
 508 000a 00BF     		.align	2
 509              	.L51:
 510 000c 00000000 		.word	htim1
 511              		.cfi_endproc
 512              	.LFE83:
 514              		.section	.text.TIM3_IRQHandler,"ax",%progbits
 515              		.align	1
 516              		.global	TIM3_IRQHandler
 517              		.syntax unified
 518              		.thumb
 519              		.thumb_func
 521              	TIM3_IRQHandler:
 522              	.LFB84:
 342:Core/Src/stm32f1xx_it.c **** 
 343:Core/Src/stm32f1xx_it.c **** /**
 344:Core/Src/stm32f1xx_it.c ****   * @brief This function handles TIM3 global interrupt.
 345:Core/Src/stm32f1xx_it.c ****   */
 346:Core/Src/stm32f1xx_it.c **** void TIM3_IRQHandler(void)
 347:Core/Src/stm32f1xx_it.c **** {
 523              		.loc 1 347 1 is_stmt 1 view -0
 524              		.cfi_startproc
 525              		@ args = 0, pretend = 0, frame = 0
 526              		@ frame_needed = 0, uses_anonymous_args = 0
 527 0000 08B5     		push	{r3, lr}
 528              	.LCFI10:
 529              		.cfi_def_cfa_offset 8
 530              		.cfi_offset 3, -8
 531              		.cfi_offset 14, -4
 348:Core/Src/stm32f1xx_it.c ****   /* USER CODE BEGIN TIM3_IRQn 0 */
 349:Core/Src/stm32f1xx_it.c **** 
 350:Core/Src/stm32f1xx_it.c ****   /* USER CODE END TIM3_IRQn 0 */
 351:Core/Src/stm32f1xx_it.c ****   HAL_TIM_IRQHandler(&htim3);
 532              		.loc 1 351 3 view .LVU59
 533 0002 0248     		ldr	r0, .L55
 534 0004 FFF7FEFF 		bl	HAL_TIM_IRQHandler
 535              	.LVL10:
 352:Core/Src/stm32f1xx_it.c ****   /* USER CODE BEGIN TIM3_IRQn 1 */
 353:Core/Src/stm32f1xx_it.c **** 
 354:Core/Src/stm32f1xx_it.c ****   /* USER CODE END TIM3_IRQn 1 */
ARM GAS  C:\Users\Lenovo\AppData\Local\Temp\cc9BpNjP.s 			page 16


 355:Core/Src/stm32f1xx_it.c **** }
 536              		.loc 1 355 1 is_stmt 0 view .LVU60
 537 0008 08BD     		pop	{r3, pc}
 538              	.L56:
 539 000a 00BF     		.align	2
 540              	.L55:
 541 000c 00000000 		.word	htim3
 542              		.cfi_endproc
 543              	.LFE84:
 545              		.text
 546              	.Letext0:
 547              		.file 2 "e:\\msys2\\mingw64\\arm-none-eabi\\include\\machine\\_default_types.h"
 548              		.file 3 "e:\\msys2\\mingw64\\arm-none-eabi\\include\\sys\\_stdint.h"
 549              		.file 4 "Drivers/CMSIS/Device/ST/STM32F1xx/Include/stm32f103xe.h"
 550              		.file 5 "Drivers/CMSIS/Device/ST/STM32F1xx/Include/stm32f1xx.h"
 551              		.file 6 "Drivers/STM32F1xx_HAL_Driver/Inc/stm32f1xx_hal_def.h"
 552              		.file 7 "Drivers/STM32F1xx_HAL_Driver/Inc/stm32f1xx_hal_dma.h"
 553              		.file 8 "Drivers/STM32F1xx_HAL_Driver/Inc/stm32f1xx_hal_can.h"
 554              		.file 9 "Drivers/STM32F1xx_HAL_Driver/Inc/stm32f1xx_hal_adc.h"
 555              		.file 10 "Drivers/STM32F1xx_HAL_Driver/Inc/stm32f1xx_hal_tim.h"
 556              		.file 11 "Drivers/STM32F1xx_HAL_Driver/Inc/stm32f1xx_hal.h"
ARM GAS  C:\Users\Lenovo\AppData\Local\Temp\cc9BpNjP.s 			page 17


DEFINED SYMBOLS
                            *ABS*:00000000 stm32f1xx_it.c
C:\Users\Lenovo\AppData\Local\Temp\cc9BpNjP.s:19     .text.NMI_Handler:00000000 $t
C:\Users\Lenovo\AppData\Local\Temp\cc9BpNjP.s:25     .text.NMI_Handler:00000000 NMI_Handler
C:\Users\Lenovo\AppData\Local\Temp\cc9BpNjP.s:42     .text.HardFault_Handler:00000000 $t
C:\Users\Lenovo\AppData\Local\Temp\cc9BpNjP.s:48     .text.HardFault_Handler:00000000 HardFault_Handler
C:\Users\Lenovo\AppData\Local\Temp\cc9BpNjP.s:65     .text.MemManage_Handler:00000000 $t
C:\Users\Lenovo\AppData\Local\Temp\cc9BpNjP.s:71     .text.MemManage_Handler:00000000 MemManage_Handler
C:\Users\Lenovo\AppData\Local\Temp\cc9BpNjP.s:88     .text.BusFault_Handler:00000000 $t
C:\Users\Lenovo\AppData\Local\Temp\cc9BpNjP.s:94     .text.BusFault_Handler:00000000 BusFault_Handler
C:\Users\Lenovo\AppData\Local\Temp\cc9BpNjP.s:111    .text.UsageFault_Handler:00000000 $t
C:\Users\Lenovo\AppData\Local\Temp\cc9BpNjP.s:117    .text.UsageFault_Handler:00000000 UsageFault_Handler
C:\Users\Lenovo\AppData\Local\Temp\cc9BpNjP.s:134    .text.SVC_Handler:00000000 $t
C:\Users\Lenovo\AppData\Local\Temp\cc9BpNjP.s:140    .text.SVC_Handler:00000000 SVC_Handler
C:\Users\Lenovo\AppData\Local\Temp\cc9BpNjP.s:153    .text.DebugMon_Handler:00000000 $t
C:\Users\Lenovo\AppData\Local\Temp\cc9BpNjP.s:159    .text.DebugMon_Handler:00000000 DebugMon_Handler
C:\Users\Lenovo\AppData\Local\Temp\cc9BpNjP.s:172    .text.PendSV_Handler:00000000 $t
C:\Users\Lenovo\AppData\Local\Temp\cc9BpNjP.s:178    .text.PendSV_Handler:00000000 PendSV_Handler
C:\Users\Lenovo\AppData\Local\Temp\cc9BpNjP.s:191    .text.SysTick_Handler:00000000 $t
C:\Users\Lenovo\AppData\Local\Temp\cc9BpNjP.s:197    .text.SysTick_Handler:00000000 SysTick_Handler
C:\Users\Lenovo\AppData\Local\Temp\cc9BpNjP.s:217    .text.RCC_IRQHandler:00000000 $t
C:\Users\Lenovo\AppData\Local\Temp\cc9BpNjP.s:223    .text.RCC_IRQHandler:00000000 RCC_IRQHandler
C:\Users\Lenovo\AppData\Local\Temp\cc9BpNjP.s:236    .text.ADC1_2_IRQHandler:00000000 $t
C:\Users\Lenovo\AppData\Local\Temp\cc9BpNjP.s:242    .text.ADC1_2_IRQHandler:00000000 ADC1_2_IRQHandler
C:\Users\Lenovo\AppData\Local\Temp\cc9BpNjP.s:262    .text.ADC1_2_IRQHandler:0000000c $d
C:\Users\Lenovo\AppData\Local\Temp\cc9BpNjP.s:267    .text.USB_HP_CAN1_TX_IRQHandler:00000000 $t
C:\Users\Lenovo\AppData\Local\Temp\cc9BpNjP.s:273    .text.USB_HP_CAN1_TX_IRQHandler:00000000 USB_HP_CAN1_TX_IRQHandler
C:\Users\Lenovo\AppData\Local\Temp\cc9BpNjP.s:293    .text.USB_HP_CAN1_TX_IRQHandler:0000000c $d
C:\Users\Lenovo\AppData\Local\Temp\cc9BpNjP.s:298    .text.USB_LP_CAN1_RX0_IRQHandler:00000000 $t
C:\Users\Lenovo\AppData\Local\Temp\cc9BpNjP.s:304    .text.USB_LP_CAN1_RX0_IRQHandler:00000000 USB_LP_CAN1_RX0_IRQHandler
C:\Users\Lenovo\AppData\Local\Temp\cc9BpNjP.s:324    .text.USB_LP_CAN1_RX0_IRQHandler:0000000c $d
C:\Users\Lenovo\AppData\Local\Temp\cc9BpNjP.s:329    .text.CAN1_RX1_IRQHandler:00000000 $t
C:\Users\Lenovo\AppData\Local\Temp\cc9BpNjP.s:335    .text.CAN1_RX1_IRQHandler:00000000 CAN1_RX1_IRQHandler
C:\Users\Lenovo\AppData\Local\Temp\cc9BpNjP.s:355    .text.CAN1_RX1_IRQHandler:0000000c $d
C:\Users\Lenovo\AppData\Local\Temp\cc9BpNjP.s:360    .text.CAN1_SCE_IRQHandler:00000000 $t
C:\Users\Lenovo\AppData\Local\Temp\cc9BpNjP.s:366    .text.CAN1_SCE_IRQHandler:00000000 CAN1_SCE_IRQHandler
C:\Users\Lenovo\AppData\Local\Temp\cc9BpNjP.s:386    .text.CAN1_SCE_IRQHandler:0000000c $d
C:\Users\Lenovo\AppData\Local\Temp\cc9BpNjP.s:391    .text.TIM1_BRK_IRQHandler:00000000 $t
C:\Users\Lenovo\AppData\Local\Temp\cc9BpNjP.s:397    .text.TIM1_BRK_IRQHandler:00000000 TIM1_BRK_IRQHandler
C:\Users\Lenovo\AppData\Local\Temp\cc9BpNjP.s:417    .text.TIM1_BRK_IRQHandler:0000000c $d
C:\Users\Lenovo\AppData\Local\Temp\cc9BpNjP.s:422    .text.TIM1_UP_IRQHandler:00000000 $t
C:\Users\Lenovo\AppData\Local\Temp\cc9BpNjP.s:428    .text.TIM1_UP_IRQHandler:00000000 TIM1_UP_IRQHandler
C:\Users\Lenovo\AppData\Local\Temp\cc9BpNjP.s:448    .text.TIM1_UP_IRQHandler:0000000c $d
C:\Users\Lenovo\AppData\Local\Temp\cc9BpNjP.s:453    .text.TIM1_TRG_COM_IRQHandler:00000000 $t
C:\Users\Lenovo\AppData\Local\Temp\cc9BpNjP.s:459    .text.TIM1_TRG_COM_IRQHandler:00000000 TIM1_TRG_COM_IRQHandler
C:\Users\Lenovo\AppData\Local\Temp\cc9BpNjP.s:479    .text.TIM1_TRG_COM_IRQHandler:0000000c $d
C:\Users\Lenovo\AppData\Local\Temp\cc9BpNjP.s:484    .text.TIM1_CC_IRQHandler:00000000 $t
C:\Users\Lenovo\AppData\Local\Temp\cc9BpNjP.s:490    .text.TIM1_CC_IRQHandler:00000000 TIM1_CC_IRQHandler
C:\Users\Lenovo\AppData\Local\Temp\cc9BpNjP.s:510    .text.TIM1_CC_IRQHandler:0000000c $d
C:\Users\Lenovo\AppData\Local\Temp\cc9BpNjP.s:515    .text.TIM3_IRQHandler:00000000 $t
C:\Users\Lenovo\AppData\Local\Temp\cc9BpNjP.s:521    .text.TIM3_IRQHandler:00000000 TIM3_IRQHandler
C:\Users\Lenovo\AppData\Local\Temp\cc9BpNjP.s:541    .text.TIM3_IRQHandler:0000000c $d

UNDEFINED SYMBOLS
HAL_IncTick
HAL_ADC_IRQHandler
hadc1
ARM GAS  C:\Users\Lenovo\AppData\Local\Temp\cc9BpNjP.s 			page 18


HAL_CAN_IRQHandler
hcan
HAL_TIM_IRQHandler
htim1
htim3
