ARM GAS  C:\Users\Lenovo\AppData\Local\Temp\cc1FbXVd.s 			page 1


   1              		.cpu cortex-m3
   2              		.arch armv7-m
   3              		.fpu softvfp
   4              		.eabi_attribute 20, 1
   5              		.eabi_attribute 21, 1
   6              		.eabi_attribute 23, 3
   7              		.eabi_attribute 24, 1
   8              		.eabi_attribute 25, 1
   9              		.eabi_attribute 26, 1
  10              		.eabi_attribute 30, 1
  11              		.eabi_attribute 34, 1
  12              		.eabi_attribute 18, 4
  13              		.file	"stm32f1xx_hal_msp.c"
  14              		.text
  15              	.Ltext0:
  16              		.cfi_sections	.debug_frame
  17              		.file 1 "Core/Src/stm32f1xx_hal_msp.c"
  18              		.section	.text.HAL_MspInit,"ax",%progbits
  19              		.align	1
  20              		.global	HAL_MspInit
  21              		.syntax unified
  22              		.thumb
  23              		.thumb_func
  25              	HAL_MspInit:
  26              	.LFB65:
   1:Core/Src/stm32f1xx_hal_msp.c **** 
   2:Core/Src/stm32f1xx_hal_msp.c **** /* USER CODE BEGIN Header */
   3:Core/Src/stm32f1xx_hal_msp.c **** /**
   4:Core/Src/stm32f1xx_hal_msp.c ****   ******************************************************************************
   5:Core/Src/stm32f1xx_hal_msp.c ****   * @file         stm32f1xx_hal_msp.c
   6:Core/Src/stm32f1xx_hal_msp.c ****   * @brief        This file provides code for the MSP Initialization
   7:Core/Src/stm32f1xx_hal_msp.c ****   *               and de-Initialization codes.
   8:Core/Src/stm32f1xx_hal_msp.c ****   ******************************************************************************
   9:Core/Src/stm32f1xx_hal_msp.c ****   * @attention
  10:Core/Src/stm32f1xx_hal_msp.c ****   *
  11:Core/Src/stm32f1xx_hal_msp.c ****   * Copyright (c) 2025 STMicroelectronics.
  12:Core/Src/stm32f1xx_hal_msp.c ****   * All rights reserved.
  13:Core/Src/stm32f1xx_hal_msp.c ****   *
  14:Core/Src/stm32f1xx_hal_msp.c ****   * This software is licensed under terms that can be found in the LICENSE file
  15:Core/Src/stm32f1xx_hal_msp.c ****   * in the root directory of this software component.
  16:Core/Src/stm32f1xx_hal_msp.c ****   * If no LICENSE file comes with this software, it is provided AS-IS.
  17:Core/Src/stm32f1xx_hal_msp.c ****   *
  18:Core/Src/stm32f1xx_hal_msp.c ****   ******************************************************************************
  19:Core/Src/stm32f1xx_hal_msp.c ****   */
  20:Core/Src/stm32f1xx_hal_msp.c **** /* USER CODE END Header */
  21:Core/Src/stm32f1xx_hal_msp.c **** 
  22:Core/Src/stm32f1xx_hal_msp.c **** /* Includes ------------------------------------------------------------------*/
  23:Core/Src/stm32f1xx_hal_msp.c **** #include "main.h"
  24:Core/Src/stm32f1xx_hal_msp.c **** /* USER CODE BEGIN Includes */
  25:Core/Src/stm32f1xx_hal_msp.c **** 
  26:Core/Src/stm32f1xx_hal_msp.c **** /* USER CODE END Includes */
  27:Core/Src/stm32f1xx_hal_msp.c **** 
  28:Core/Src/stm32f1xx_hal_msp.c **** /* Private typedef -----------------------------------------------------------*/
  29:Core/Src/stm32f1xx_hal_msp.c **** /* USER CODE BEGIN TD */
  30:Core/Src/stm32f1xx_hal_msp.c **** 
  31:Core/Src/stm32f1xx_hal_msp.c **** /* USER CODE END TD */
  32:Core/Src/stm32f1xx_hal_msp.c **** 
ARM GAS  C:\Users\Lenovo\AppData\Local\Temp\cc1FbXVd.s 			page 2


  33:Core/Src/stm32f1xx_hal_msp.c **** /* Private define ------------------------------------------------------------*/
  34:Core/Src/stm32f1xx_hal_msp.c **** /* USER CODE BEGIN Define */
  35:Core/Src/stm32f1xx_hal_msp.c **** 
  36:Core/Src/stm32f1xx_hal_msp.c **** /* USER CODE END Define */
  37:Core/Src/stm32f1xx_hal_msp.c **** 
  38:Core/Src/stm32f1xx_hal_msp.c **** /* Private macro -------------------------------------------------------------*/
  39:Core/Src/stm32f1xx_hal_msp.c **** /* USER CODE BEGIN Macro */
  40:Core/Src/stm32f1xx_hal_msp.c **** 
  41:Core/Src/stm32f1xx_hal_msp.c **** /* USER CODE END Macro */
  42:Core/Src/stm32f1xx_hal_msp.c **** 
  43:Core/Src/stm32f1xx_hal_msp.c **** /* Private variables ---------------------------------------------------------*/
  44:Core/Src/stm32f1xx_hal_msp.c **** /* USER CODE BEGIN PV */
  45:Core/Src/stm32f1xx_hal_msp.c **** 
  46:Core/Src/stm32f1xx_hal_msp.c **** /* USER CODE END PV */
  47:Core/Src/stm32f1xx_hal_msp.c **** 
  48:Core/Src/stm32f1xx_hal_msp.c **** /* Private function prototypes -----------------------------------------------*/
  49:Core/Src/stm32f1xx_hal_msp.c **** /* USER CODE BEGIN PFP */
  50:Core/Src/stm32f1xx_hal_msp.c **** 
  51:Core/Src/stm32f1xx_hal_msp.c **** /* USER CODE END PFP */
  52:Core/Src/stm32f1xx_hal_msp.c **** 
  53:Core/Src/stm32f1xx_hal_msp.c **** /* External functions --------------------------------------------------------*/
  54:Core/Src/stm32f1xx_hal_msp.c **** /* USER CODE BEGIN ExternalFunctions */
  55:Core/Src/stm32f1xx_hal_msp.c **** 
  56:Core/Src/stm32f1xx_hal_msp.c **** /* USER CODE END ExternalFunctions */
  57:Core/Src/stm32f1xx_hal_msp.c **** 
  58:Core/Src/stm32f1xx_hal_msp.c **** /* USER CODE BEGIN 0 */
  59:Core/Src/stm32f1xx_hal_msp.c **** 
  60:Core/Src/stm32f1xx_hal_msp.c **** /* USER CODE END 0 */
  61:Core/Src/stm32f1xx_hal_msp.c **** /**
  62:Core/Src/stm32f1xx_hal_msp.c ****   * Initializes the Global MSP.
  63:Core/Src/stm32f1xx_hal_msp.c ****   */
  64:Core/Src/stm32f1xx_hal_msp.c **** void HAL_MspInit(void)
  65:Core/Src/stm32f1xx_hal_msp.c **** {
  27              		.loc 1 65 1 view -0
  28              		.cfi_startproc
  29              		@ args = 0, pretend = 0, frame = 8
  30              		@ frame_needed = 0, uses_anonymous_args = 0
  31 0000 00B5     		push	{lr}
  32              	.LCFI0:
  33              		.cfi_def_cfa_offset 4
  34              		.cfi_offset 14, -4
  35 0002 83B0     		sub	sp, sp, #12
  36              	.LCFI1:
  37              		.cfi_def_cfa_offset 16
  66:Core/Src/stm32f1xx_hal_msp.c **** 
  67:Core/Src/stm32f1xx_hal_msp.c ****   /* USER CODE BEGIN MspInit 0 */
  68:Core/Src/stm32f1xx_hal_msp.c **** 
  69:Core/Src/stm32f1xx_hal_msp.c ****   /* USER CODE END MspInit 0 */
  70:Core/Src/stm32f1xx_hal_msp.c **** 
  71:Core/Src/stm32f1xx_hal_msp.c ****   __HAL_RCC_AFIO_CLK_ENABLE();
  38              		.loc 1 71 3 view .LVU1
  39              	.LBB2:
  40              		.loc 1 71 3 view .LVU2
  41              		.loc 1 71 3 view .LVU3
  42 0004 124B     		ldr	r3, .L3
  43 0006 9A69     		ldr	r2, [r3, #24]
  44 0008 42F00102 		orr	r2, r2, #1
ARM GAS  C:\Users\Lenovo\AppData\Local\Temp\cc1FbXVd.s 			page 3


  45 000c 9A61     		str	r2, [r3, #24]
  46              		.loc 1 71 3 view .LVU4
  47 000e 9A69     		ldr	r2, [r3, #24]
  48 0010 02F00102 		and	r2, r2, #1
  49 0014 0092     		str	r2, [sp]
  50              		.loc 1 71 3 view .LVU5
  51 0016 009A     		ldr	r2, [sp]
  52              	.LBE2:
  53              		.loc 1 71 3 view .LVU6
  72:Core/Src/stm32f1xx_hal_msp.c ****   __HAL_RCC_PWR_CLK_ENABLE();
  54              		.loc 1 72 3 view .LVU7
  55              	.LBB3:
  56              		.loc 1 72 3 view .LVU8
  57              		.loc 1 72 3 view .LVU9
  58 0018 DA69     		ldr	r2, [r3, #28]
  59 001a 42F08052 		orr	r2, r2, #268435456
  60 001e DA61     		str	r2, [r3, #28]
  61              		.loc 1 72 3 view .LVU10
  62 0020 DB69     		ldr	r3, [r3, #28]
  63 0022 03F08053 		and	r3, r3, #268435456
  64 0026 0193     		str	r3, [sp, #4]
  65              		.loc 1 72 3 view .LVU11
  66 0028 019B     		ldr	r3, [sp, #4]
  67              	.LBE3:
  68              		.loc 1 72 3 view .LVU12
  73:Core/Src/stm32f1xx_hal_msp.c **** 
  74:Core/Src/stm32f1xx_hal_msp.c ****   /* System interrupt init*/
  75:Core/Src/stm32f1xx_hal_msp.c **** 
  76:Core/Src/stm32f1xx_hal_msp.c ****   /* Peripheral interrupt init */
  77:Core/Src/stm32f1xx_hal_msp.c ****   /* RCC_IRQn interrupt configuration */
  78:Core/Src/stm32f1xx_hal_msp.c ****   HAL_NVIC_SetPriority(RCC_IRQn, 0, 0);
  69              		.loc 1 78 3 view .LVU13
  70 002a 0022     		movs	r2, #0
  71 002c 1146     		mov	r1, r2
  72 002e 0520     		movs	r0, #5
  73 0030 FFF7FEFF 		bl	HAL_NVIC_SetPriority
  74              	.LVL0:
  79:Core/Src/stm32f1xx_hal_msp.c ****   HAL_NVIC_EnableIRQ(RCC_IRQn);
  75              		.loc 1 79 3 view .LVU14
  76 0034 0520     		movs	r0, #5
  77 0036 FFF7FEFF 		bl	HAL_NVIC_EnableIRQ
  78              	.LVL1:
  80:Core/Src/stm32f1xx_hal_msp.c **** 
  81:Core/Src/stm32f1xx_hal_msp.c ****   /** NOJTAG: JTAG-DP Disabled and SW-DP Enabled
  82:Core/Src/stm32f1xx_hal_msp.c ****   */
  83:Core/Src/stm32f1xx_hal_msp.c ****   __HAL_AFIO_REMAP_SWJ_NOJTAG();
  79              		.loc 1 83 3 view .LVU15
  80              	.LBB4:
  81              		.loc 1 83 3 view .LVU16
  82 003a 064A     		ldr	r2, .L3+4
  83 003c 5368     		ldr	r3, [r2, #4]
  84              	.LVL2:
  85              		.loc 1 83 3 view .LVU17
  86 003e 23F0E063 		bic	r3, r3, #117440512
  87              	.LVL3:
  88              		.loc 1 83 3 view .LVU18
  89 0042 43F00073 		orr	r3, r3, #33554432
ARM GAS  C:\Users\Lenovo\AppData\Local\Temp\cc1FbXVd.s 			page 4


  90              	.LVL4:
  91              		.loc 1 83 3 view .LVU19
  92 0046 5360     		str	r3, [r2, #4]
  93              	.LBE4:
  94              		.loc 1 83 3 view .LVU20
  84:Core/Src/stm32f1xx_hal_msp.c **** 
  85:Core/Src/stm32f1xx_hal_msp.c ****   /* USER CODE BEGIN MspInit 1 */
  86:Core/Src/stm32f1xx_hal_msp.c **** 
  87:Core/Src/stm32f1xx_hal_msp.c ****   /* USER CODE END MspInit 1 */
  88:Core/Src/stm32f1xx_hal_msp.c **** }
  95              		.loc 1 88 1 is_stmt 0 view .LVU21
  96 0048 03B0     		add	sp, sp, #12
  97              	.LCFI2:
  98              		.cfi_def_cfa_offset 4
  99              		@ sp needed
 100 004a 5DF804FB 		ldr	pc, [sp], #4
 101              	.L4:
 102 004e 00BF     		.align	2
 103              	.L3:
 104 0050 00100240 		.word	1073876992
 105 0054 00000140 		.word	1073807360
 106              		.cfi_endproc
 107              	.LFE65:
 109              		.text
 110              	.Letext0:
 111              		.file 2 "Drivers/CMSIS/Device/ST/STM32F1xx/Include/stm32f103xe.h"
 112              		.file 3 "e:\\msys2\\mingw64\\arm-none-eabi\\include\\machine\\_default_types.h"
 113              		.file 4 "e:\\msys2\\mingw64\\arm-none-eabi\\include\\sys\\_stdint.h"
 114              		.file 5 "Drivers/STM32F1xx_HAL_Driver/Inc/stm32f1xx_hal_cortex.h"
ARM GAS  C:\Users\Lenovo\AppData\Local\Temp\cc1FbXVd.s 			page 5


DEFINED SYMBOLS
                            *ABS*:00000000 stm32f1xx_hal_msp.c
C:\Users\Lenovo\AppData\Local\Temp\cc1FbXVd.s:19     .text.HAL_MspInit:00000000 $t
C:\Users\Lenovo\AppData\Local\Temp\cc1FbXVd.s:25     .text.HAL_MspInit:00000000 HAL_MspInit
C:\Users\Lenovo\AppData\Local\Temp\cc1FbXVd.s:104    .text.HAL_MspInit:00000050 $d

UNDEFINED SYMBOLS
HAL_NVIC_SetPriority
HAL_NVIC_EnableIRQ
